


ARM Macro Assembler    Page 1 


    1 00000000         
    2 00000000         
    3 00000000 00000400 
                       Stack_Size
                               EQU              0x400
    4 00000000         
    5 00000000                 AREA             STACK, NOINIT, READWRITE, ALIGN
=3
    6 00000000         Stack_Mem
                               SPACE            Stack_Size
    7 00000400         __initial_sp
    8 00000400         
    9 00000400         
   10 00000400         ; <h> Heap Configuration
   11 00000400         ;   <o>  Heap Size (in Bytes) <0x0-0xFFFFFFFF:8>
   12 00000400         ; </h>
   13 00000400         
   14 00000400 00000200 
                       Heap_Size
                               EQU              0x200
   15 00000400         
   16 00000400                 AREA             HEAP, NOINIT, READWRITE, ALIGN=
3
   17 00000000         __heap_base
   18 00000000         Heap_Mem
                               SPACE            Heap_Size
   19 00000200         __heap_limit
   20 00000200         
   21 00000200                 PRESERVE8
   22 00000200                 THUMB
   23 00000200         
   24 00000200         
   25 00000200         ; Vector Table Mapped to Address 0 at Reset
   26 00000200                 AREA             RESET, DATA, READONLY
   27 00000000                 EXPORT           __Vectors
   28 00000000                 EXPORT           __Vectors_End
   29 00000000                 EXPORT           __Vectors_Size
   30 00000000         
   31 00000000 00000000 
                       __Vectors
                               DCD              __initial_sp ; Top of Stack
   32 00000004 00000000        DCD              Reset_Handler ; Reset Handler
   33 00000008         
   34 00000008         
   35 00000008         __Vectors_End
   36 00000008         
   37 00000008 00000008 
                       __Vectors_Size
                               EQU              __Vectors_End - __Vectors
   38 00000008         
   39 00000008                 AREA             |.text|, CODE, READONLY
   40 00000000         
   41 00000000         ; Reset handler
   42 00000000         Reset_Handler
                               PROC
   43 00000000                 EXPORT           Reset_Handler             [WEAK
]
   44 00000000                 IMPORT           __main
   45 00000000         ;     IMPORT  SystemInit



ARM Macro Assembler    Page 2 


   46 00000000         ;                 LDR     R0, =SystemInit
   47 00000000         ;                 BLX     R0
   48 00000000 4804            LDR              R0, =__main
   49 00000002 4700            BX               R0
   50 00000004                 ENDP
   51 00000004         
   52 00000004         
   53 00000004         
   54 00000004         Default_Handler
                               PROC
   55 00000004         
   56 00000004 E7FE            B                .
   57 00000006         
   58 00000006                 ENDP
   59 00000006         
   60 00000006 00 00           ALIGN
   61 00000008         
   62 00000008         ;*******************************************************
                       ************************
   63 00000008         ; User Stack and Heap initialization
   64 00000008         ;*******************************************************
                       ************************
   65 00000008                 IF               :DEF:__MICROLIB
   72 00000008         
   73 00000008                 IMPORT           __use_two_region_memory
   74 00000008                 EXPORT           __user_initial_stackheap
   75 00000008         
   76 00000008         __user_initial_stackheap
   77 00000008         
   78 00000008 4803            LDR              R0, =  Heap_Mem
   79 0000000A 4904            LDR              R1, =(Stack_Mem + Stack_Size)
   80 0000000C 4A04            LDR              R2, = (Heap_Mem +  Heap_Size)
   81 0000000E 4B05            LDR              R3, = Stack_Mem
   82 00000010 4770            BX               LR
   83 00000012         
   84 00000012 00 00           ALIGN
   85 00000014         
   86 00000014                 ENDIF
   87 00000014         
   88 00000014                 END
              00000000 
              00000000 
              00000400 
              00000200 
              00000000 
Command Line: --debug --xref --diag_suppress=9931 --cpu=Cortex-M3 --apcs=interw
ork --depend=stm32-f103c8t6\startup_stm32f103xb.d -ostm32-f103c8t6\startup_stm3
2f103xb.o -IG:\software_work\keil5.32\Packs\Keil\STM32F1xx_DFP\2.4.1\Device\Inc
lude --predefine="__UVISION_VERSION SETA 541" --predefine="STM32F10X_MD SETA 1"
 --list=startup_stm32f103xb.lst startup_stm32f103xb.s



ARM Macro Assembler    Page 1 Alphabetic symbol ordering
Relocatable symbols

STACK 00000000

Symbol: STACK
   Definitions
      At line 5 in file startup_stm32f103xb.s
   Uses
      None
Comment: STACK unused
Stack_Mem 00000000

Symbol: Stack_Mem
   Definitions
      At line 6 in file startup_stm32f103xb.s
   Uses
      At line 79 in file startup_stm32f103xb.s
      At line 81 in file startup_stm32f103xb.s

__initial_sp 00000400

Symbol: __initial_sp
   Definitions
      At line 7 in file startup_stm32f103xb.s
   Uses
      At line 31 in file startup_stm32f103xb.s
Comment: __initial_sp used once
3 symbols



ARM Macro Assembler    Page 1 Alphabetic symbol ordering
Relocatable symbols

HEAP 00000000

Symbol: HEAP
   Definitions
      At line 16 in file startup_stm32f103xb.s
   Uses
      None
Comment: HEAP unused
Heap_Mem 00000000

Symbol: Heap_Mem
   Definitions
      At line 18 in file startup_stm32f103xb.s
   Uses
      At line 78 in file startup_stm32f103xb.s
      At line 80 in file startup_stm32f103xb.s

__heap_base 00000000

Symbol: __heap_base
   Definitions
      At line 17 in file startup_stm32f103xb.s
   Uses
      None
Comment: __heap_base unused
__heap_limit 00000200

Symbol: __heap_limit
   Definitions
      At line 19 in file startup_stm32f103xb.s
   Uses
      None
Comment: __heap_limit unused
4 symbols



ARM Macro Assembler    Page 1 Alphabetic symbol ordering
Relocatable symbols

RESET 00000000

Symbol: RESET
   Definitions
      At line 26 in file startup_stm32f103xb.s
   Uses
      None
Comment: RESET unused
__Vectors 00000000

Symbol: __Vectors
   Definitions
      At line 31 in file startup_stm32f103xb.s
   Uses
      At line 27 in file startup_stm32f103xb.s
      At line 37 in file startup_stm32f103xb.s

__Vectors_End 00000008

Symbol: __Vectors_End
   Definitions
      At line 35 in file startup_stm32f103xb.s
   Uses
      At line 28 in file startup_stm32f103xb.s
      At line 37 in file startup_stm32f103xb.s

3 symbols



ARM Macro Assembler    Page 1 Alphabetic symbol ordering
Relocatable symbols

.text 00000000

Symbol: .text
   Definitions
      At line 39 in file startup_stm32f103xb.s
   Uses
      None
Comment: .text unused
Default_Handler 00000004

Symbol: Default_Handler
   Definitions
      At line 54 in file startup_stm32f103xb.s
   Uses
      None
Comment: Default_Handler unused
Reset_Handler 00000000

Symbol: Reset_Handler
   Definitions
      At line 42 in file startup_stm32f103xb.s
   Uses
      At line 32 in file startup_stm32f103xb.s
      At line 43 in file startup_stm32f103xb.s

__user_initial_stackheap 00000008

Symbol: __user_initial_stackheap
   Definitions
      At line 76 in file startup_stm32f103xb.s
   Uses
      At line 74 in file startup_stm32f103xb.s
Comment: __user_initial_stackheap used once
4 symbols



ARM Macro Assembler    Page 1 Alphabetic symbol ordering
Absolute symbols

Heap_Size 00000200

Symbol: Heap_Size
   Definitions
      At line 14 in file startup_stm32f103xb.s
   Uses
      At line 18 in file startup_stm32f103xb.s
      At line 80 in file startup_stm32f103xb.s

Stack_Size 00000400

Symbol: Stack_Size
   Definitions
      At line 3 in file startup_stm32f103xb.s
   Uses
      At line 6 in file startup_stm32f103xb.s
      At line 79 in file startup_stm32f103xb.s

__Vectors_Size 00000008

Symbol: __Vectors_Size
   Definitions
      At line 37 in file startup_stm32f103xb.s
   Uses
      At line 29 in file startup_stm32f103xb.s
Comment: __Vectors_Size used once
3 symbols



ARM Macro Assembler    Page 1 Alphabetic symbol ordering
External symbols

__main 00000000

Symbol: __main
   Definitions
      At line 44 in file startup_stm32f103xb.s
   Uses
      At line 48 in file startup_stm32f103xb.s
Comment: __main used once
__use_two_region_memory 00000000

Symbol: __use_two_region_memory
   Definitions
      At line 73 in file startup_stm32f103xb.s
   Uses
      None
Comment: __use_two_region_memory unused
2 symbols
355 symbols in table
